PI = 3.141592653589793 computed in 0.7819 seconds
PI = 3.141592653589793 computed in 0.01307 seconds
PI = 3.141592653589793 computed in 0.02586 seconds
PI = 3.141592653589793 computed in 0.05112 seconds
PI = 3.141592653589793 computed in 0.07554 seconds
PI = 3.141592653589793 computed in 0.8194 seconds
PI = 3.141592653589793 computed in 0.02719 seconds
PI = 3.141592653589793 computed in 0.06311 seconds
PI = 3.141592653589793 computed in 0.1008 seconds
PI = 3.141592653589793 computed in 0.1379 seconds
PI = 3.141592653589793 computed in 0.8003 seconds
PI = 3.141592653589793 computed in 0.04647 seconds
PI = 3.141592653589793 computed in 0.0756 seconds
PI = 3.141592653589793 computed in 0.1009 seconds
PI = 3.141592653589793 computed in 0.1378 seconds
PI = 3.141592653589793 computed in 0.8386 seconds
PI = 3.141592653589793 computed in 0.05856 seconds
PI = 3.141592653589793 computed in 0.08833 seconds
PI = 3.141592653589793 computed in 0.1381 seconds
PI = 3.141592653589793 computed in 0.1255 seconds
PI = 3.141592653589793 computed in 0.8774 seconds
PI = 3.141592653589793 computed in 0.08288 seconds
PI = 3.141592653589793 computed in 0.1258 seconds
PI = 3.141592653589793 computed in 0.1382 seconds
PI = 3.141592653589793 computed in 0.101 seconds
PI = 3.141592653589793 computed in 0.8579 seconds
PI = 3.141592653589793 computed in 0.08963 seconds
PI = 3.141592653589793 computed in 0.1132 seconds
PI = 3.141592653589793 computed in 0.1634 seconds
PI = 3.141592653589793 computed in 0.101 seconds
PI = 3.141592653589793 computed in 0.897 seconds
PI = 3.141592653589793 computed in 0.08835 seconds
PI = 3.141592653589793 computed in 0.138 seconds
PI = 3.141592653589793 computed in 0.1133 seconds
PI = 3.141592653589793 computed in 0.08854 seconds
PI = 3.141592653589793 computed in 0.9789 seconds
PI = 3.141592653589793 computed in 0.1319 seconds
PI = 3.141592653589793 computed in 0.07563 seconds
PI = 3.141592653589793 computed in 0.1132 seconds
PI = 3.141592653589793 computed in 0.06341 seconds
PI = 3.141592653589793 computed in 0.9279 seconds
PI = 3.141592653589793 computed in 0.1077 seconds
PI = 3.141592653589793 computed in 0.1378 seconds
PI = 3.141592653589793 computed in 0.1261 seconds
PI = 3.141592653589793 computed in 0.06368 seconds
PI = 3.141592653589793 computed in 0.9481 seconds
PI = 3.141592653589793 computed in 0.1252 seconds
PI = 3.141592653589793 computed in 0.1508 seconds
PI = 3.141592653589793 computed in 0.1011 seconds
PI = 3.141592653589793 computed in 0.06297 seconds
PI = 3.141592653589793 computed in 1.027 seconds
PI = 3.141592653589793 computed in 0.1339 seconds
PI = 3.141592653589793 computed in 0.08807 seconds
PI = 3.141592653589793 computed in 0.1009 seconds
PI = 3.141592653589793 computed in 0.03805 seconds
PI = 3.141592653589793 computed in 0.9986 seconds
PI = 3.141592653589793 computed in 0.1373 seconds
PI = 3.141592653589793 computed in 0.1132 seconds
PI = 3.141592653589793 computed in 0.1009 seconds
PI = 3.141592653589793 computed in 0.03809 seconds


Batch Job Summary Report (version 21.01.1) for Job "cpi_openacc" (38610864) on daint

Job information (1/3)
-----------------------------------------------------------------------------------------------------
             Submit            Eligible               Start                 End    Elapsed Time limit
------------------- ------------------- ------------------- ------------------- ---------- ----------
2022-05-19T19:51:49 2022-05-19T19:51:49 2022-05-19T19:51:49 2022-05-19T19:51:58   00:00:09   00:05:00
-----------------------------------------------------------------------------------------------------

Job information (2/3)
-------------------------------------------------------------
    Username      Account    Partition   NNodes        Energy
------------ ------------ ------------ -------- -------------
    lfaltner         uzg2        debug        1      0.617 kJ

Job information (3/3) - GPU utilization data
----------------------------------------------------
   Node name       Usage      Max mem Execution time
------------ ----------- ------------ --------------
    nid03510        14 %      925 MiB       00:00:01

