PI = 3.14159265358979 computed in 0.8948 seconds
PI = 3.14159265358979 computed in 0.8983 seconds
PI = 3.14159265358979 computed in 0.8978 seconds
PI = 3.14159265358979 computed in 0.8783 seconds
PI = 3.14159265358979 computed in 0.8992 seconds
PI = 3.14159265358979 computed in 0.8978 seconds
PI = 3.14159265358979 computed in 0.8987 seconds
PI = 3.14159265358979 computed in 0.8983 seconds
PI = 3.14159265358979 computed in 0.8984 seconds
PI = 3.14159265358979 computed in 0.9012 seconds
PI = 3.14159265358979 computed in 0.8978 seconds
PI = 3.14159265358979 computed in 0.9005 seconds


Batch Job Summary Report (version 21.01.1) for Job "cpi_cuda" (38612021) on daint

Job information (1/3)
-----------------------------------------------------------------------------------------------------
             Submit            Eligible               Start                 End    Elapsed Time limit
------------------- ------------------- ------------------- ------------------- ---------- ----------
2022-05-19T20:14:54 2022-05-19T20:14:54 2022-05-19T20:14:56 2022-05-19T20:15:02   00:00:06   00:05:00
-----------------------------------------------------------------------------------------------------

Job information (2/3)
-------------------------------------------------------------
    Username      Account    Partition   NNodes        Energy
------------ ------------ ------------ -------- -------------
    lfaltner         uzg2        debug        1      0.455 kJ

Job information (3/3) - GPU utilization data
----------------------------------------------------
   Node name       Usage      Max mem Execution time
------------ ----------- ------------ --------------
    nid03510        21 %      925 MiB       00:00:01

