memcopy and daxpy test of size 4
-------
timings
-------
axpy (openmp): 0 s
axpy (openacc): 0.000276089 s

============ PASSED
srun: Job 38748144 step creation temporarily disabled, retrying (Requested nodes are busy)
srun: Step created for job 38748144
memcopy and daxpy test of size 64
-------
timings
-------
axpy (openmp): 9.53674e-07 s
axpy (openacc): 0.000291109 s

============ PASSED
memcopy and daxpy test of size 1024
-------
timings
-------
axpy (openmp): 9.53674e-07 s
axpy (openacc): 0.000272036 s

============ PASSED
memcopy and daxpy test of size 16384
-------
timings
-------
axpy (openmp): 1.09673e-05 s
axpy (openacc): 0.000280857 s

============ PASSED
memcopy and daxpy test of size 262144
-------
timings
-------
axpy (openmp): 0.000368118 s
axpy (openacc): 0.00115299 s

============ PASSED
memcopy and daxpy test of size 4194304
-------
timings
-------
axpy (openmp): 0.00600004 s
axpy (openacc): 0.00888705 s

============ PASSED
srun: Job 38748144 step creation temporarily disabled, retrying (Requested nodes are busy)
srun: Step created for job 38748144
memcopy and daxpy test of size 67108864
-------
timings
-------
axpy (openmp): 0.096498 s
axpy (openacc): 0.130824 s

============ PASSED
call to cuMemHostAlloc(replacing malloc) returned error 1: Invalid value

srun: error: nid02359: task 0: Segmentation fault (core dumped)
srun: launch/slurm: _step_signal: Terminating StepId=38748144.7


Batch Job Summary Report (version 21.01.1) for Job "axpy_openacc" (38748144) on daint

Job information (1/3)
-----------------------------------------------------------------------------------------------------
             Submit            Eligible               Start                 End    Elapsed Time limit
------------------- ------------------- ------------------- ------------------- ---------- ----------
2022-05-26T13:35:29 2022-05-26T13:35:29 2022-05-26T13:35:30 2022-05-26T13:36:25   00:00:55   00:05:00
-----------------------------------------------------------------------------------------------------

Job information (2/3)
-------------------------------------------------------------
    Username      Account    Partition   NNodes        Energy
------------ ------------ ------------ -------- -------------
    lfaltner         uzg2        debug        1      4.886 kJ

Job information (3/3) - GPU utilization data
----------------------------------------------------
   Node name       Usage      Max mem Execution time
------------ ----------- ------------ --------------
    nid02359         5 %     1388 MiB       00:00:02

