dispersion 1D test of length n = 1028 : 0.00784302MB
item 0 differs (expected, found): 1 != 0
==== failure ====
Host version took 2.7895e-05 s (1.39475e-05 s/step)
GPU version took 0.000399113 s (0.000199556 s/step)
dispersion 1D test of length n = 32772 : 0.250031MB
item 0 differs (expected, found): 1 != 0
==== failure ====
Host version took 0.000262022 s (0.000131011 s/step)
GPU version took 0.000514984 s (0.000257492 s/step)
dispersion 1D test of length n = 1048580 : 8.00003MB
item 0 differs (expected, found): 1 != 0
==== failure ====
Host version took 0.0075841 s (0.00379205 s/step)
GPU version took 0.00454378 s (0.00227189 s/step)


Batch Job Summary Report (version 21.01.1) for Job "blur_openacc" (38749728) on daint

Job information (1/2)
-----------------------------------------------------------------------------------------------------
             Submit            Eligible               Start                 End    Elapsed Time limit
------------------- ------------------- ------------------- ------------------- ---------- ----------
2022-05-26T15:30:41 2022-05-26T15:30:41 2022-05-26T15:30:41 2022-05-26T15:30:51   00:00:10   00:05:00
-----------------------------------------------------------------------------------------------------

Job information (2/2)
-------------------------------------------------------------
    Username      Account    Partition   NNodes        Energy
------------ ------------ ------------ -------- -------------
    lfaltner         uzg2        debug        1      0.653 kJ

