dispersion 1D test of length n = 1028 : 0.00784302MB
item 2 differs (expected, found): 0.445312 != 0
==== failure ====
Host version took 2.69413e-05 s (1.34706e-05 s/step)
GPU version took 0.000384092 s (0.000192046 s/step)
dispersion 1D test of length n = 32772 : 0.250031MB
item 2 differs (expected, found): 0.445312 != 0
==== failure ====
Host version took 0.000286102 s (0.000143051 s/step)
GPU version took 0.000494003 s (0.000247002 s/step)
dispersion 1D test of length n = 1048580 : 8.00003MB
item 2 differs (expected, found): 0.445312 != 0
==== failure ====
Host version took 0.00766492 s (0.00383246 s/step)
GPU version took 0.00417304 s (0.00208652 s/step)


Batch Job Summary Report (version 21.01.1) for Job "blur_openacc" (38749409) on daint

Job information (1/2)
-----------------------------------------------------------------------------------------------------
             Submit            Eligible               Start                 End    Elapsed Time limit
------------------- ------------------- ------------------- ------------------- ---------- ----------
2022-05-26T14:51:01 2022-05-26T14:51:01 2022-05-26T14:51:02 2022-05-26T14:51:17   00:00:15   00:05:00
-----------------------------------------------------------------------------------------------------

Job information (2/2)
-------------------------------------------------------------
    Username      Account    Partition   NNodes        Energy
------------ ------------ ------------ -------- -------------
    lfaltner         uzg2        debug        1      1.008 kJ

