dot product OpenACC of length n = 1024 : 0.0078125MB
expected 9286 got 9286: success
Host kernel took 0 s
GPU kernel took 0.018342 s
dot product OpenACC of length n = 32768 : 0.25MB
expected 293992 got 293992: success
Host kernel took 3.79086e-05 s
GPU kernel took 0.0185051 s
dot product OpenACC of length n = 1048576 : 8MB
expected 9.44282e+06 got 9.44282e+06: success
Host kernel took 0.000828981 s
GPU kernel took 0.0201828 s
dot product OpenACC of length n = 33554432 : 256MB
expected 3.0201e+08 got 3.0201e+08: success
Host kernel took 0.0326319 s
GPU kernel took 0.063271 s
Out of memory allocating 8589934592 bytes of device memory
Failing in Thread:1
total/free CUDA memory: 17071734784/8064335872
Present table dump for device[1]: NVIDIA Tesla GPU 0, compute capability 6.0, threadid=1
host:0x201d200000 device:0x3113600000 size:8589934592 presentcount:1+0 line:25 name:x
allocated block device:0x3113600000 size:8589934592 thread:1
dot product OpenACC of length n = 1073741824 : 8192MB
call to cuMemAlloc returned error 2: Out of memory

srun: error: nid02359: task 0: Exited with exit code 1
srun: launch/slurm: _step_signal: Terminating StepId=38752567.4


Batch Job Summary Report (version 21.01.1) for Job "dot_openacc" (38752567) on daint

Job information (1/3)
-----------------------------------------------------------------------------------------------------
             Submit            Eligible               Start                 End    Elapsed Time limit
------------------- ------------------- ------------------- ------------------- ---------- ----------
2022-05-26T18:31:47 2022-05-26T18:31:47 2022-05-26T18:31:47 2022-05-26T18:32:33   00:00:46   00:05:00
-----------------------------------------------------------------------------------------------------

Job information (2/3)
-------------------------------------------------------------
    Username      Account    Partition   NNodes        Energy
------------ ------------ ------------ -------- -------------
    lfaltner         uzg2        debug        1      4.230 kJ

Job information (3/3) - GPU utilization data
----------------------------------------------------
   Node name       Usage      Max mem Execution time
------------ ----------- ------------ --------------
    nid02359         3 %     8556 MiB       00:00:32

