nid00451
nid00451
nid00451
nid00451
nid00451
nid00451
nid00451
nid00451
nid00451
nid00451
nid00451
nid00451
nid00451
nid00451
nid00451
nid00451
nid00451
nid00451
nid00451
nid00451
nid00451
nid00451
nid00451
nid00451
nid00451
nid00451
nid00451
nid00451
nid00451
nid00451
nid00451
nid00451
nid00451
nid00451
nid00451
nid00451


Batch Job Summary Report (version 21.01.1) for Job "test_script" (37087578) on daint

Job information (1/2)
-----------------------------------------------------------------------------------------------------
             Submit            Eligible               Start                 End    Elapsed Time limit
------------------- ------------------- ------------------- ------------------- ---------- ----------
2022-03-10T11:00:46 2022-03-10T11:00:46 2022-03-10T11:00:47 2022-03-10T11:00:55   00:00:08   00:05:00
-----------------------------------------------------------------------------------------------------

Job information (2/2)
-------------------------------------------------------------
    Username      Account    Partition   NNodes        Energy
------------ ------------ ------------ -------- -------------
    lfaltner         uzh8        debug        1      0.194 kJ

