Thread rank: 13
Thread rank: 31
Thread rank: 30
Thread rank: 23
Thread rank: 19
Thread rank: 14
Thread rank: 29
Thread rank: 11
Thread rank: 32
Thread rank: 15
Thread rank: 34
Thread rank: 12
Thread rank: 27
Thread rank: 16
Thread rank: 25
Thread rank: 1
Thread rank: 7
Thread rank: 9
Thread rank: 5
Thread rank: 28
Thread rank: 0
Thread rank: 10
Thread rank: 20
Thread rank: 18
Thread rank: 24
Thread rank: 6
Thread rank: 17
Thread rank: 35
Thread rank: 8
Thread rank: 22
Thread rank: 4
Thread rank: 26
Thread rank: 2
Thread rank: 21
Thread rank: 3
Thread rank: 33
pi is approximately 3.1415926555898226, Error is 0.0000000020000295
Computed in 0.09923 seconds


Batch Job Summary Report (version 21.01.1) for Job "cpi_omp" (37097461) on daint

Job information (1/2)
-----------------------------------------------------------------------------------------------------
             Submit            Eligible               Start                 End    Elapsed Time limit
------------------- ------------------- ------------------- ------------------- ---------- ----------
2022-03-10T19:29:01 2022-03-10T19:29:01 2022-03-10T19:29:50 2022-03-10T19:30:25   00:00:35   00:05:00
-----------------------------------------------------------------------------------------------------

Job information (2/2)
-------------------------------------------------------------
    Username      Account    Partition   NNodes        Energy
------------ ------------ ------------ -------- -------------
    lfaltner         uzh8        debug        1      0.571 kJ

